<?xml version="1.0" encoding="UTF-8"?>
<testsuite xmlns:xsi="http://www.w3.org/2001/XMLSchema-instance" xsi:noNamespaceSchemaLocation="https://maven.apache.org/surefire/maven-surefire-plugin/xsd/surefire-test-report.xsd" name="org.tnmk.practicespringlogging.pro00simpleapp.SimpleSuccessTest" time="1.608" tests="1" errors="0" skipped="0" failures="0">
  <properties>
[...]
</properties>
  <testcase name="when_writeLog_then_noException" classname="org.tnmk.practicespringlogging.pro00simpleapp.SimpleSuccessTest" time="0.243"/>
</testsuite>